生成启动时间为 2017-01-17 10:43:37。
     1>项目“D:\Qt\USB2.0uppermachine-master\trySSIupper.vcxproj”在节点 2 上(Build 个目标)。
     1>CustomBuild:
         Moc'ing mainwindow.h...
         Qt: Untested Windows version 10.0 detected!
         Moc'ing masterthread.h...
         Qt: Untested Windows version 10.0 detected!
         Moc'ing writethread.h...
         Qt: Untested Windows version 10.0 detected!
         Uic'ing mainwindow.ui...
     1>C:\Program Files (x86)\MSBuild\Microsoft.Cpp\v4.0\V120\Microsoft.CppBuild.targets(935,5): warning MSB8027: Two or more files with the name of moc_mainwindow.cpp will produce outputs to the same location. This can lead to an incorrect build result.  The files involved are Debug\moc_mainwindow.cpp, Release\moc_mainwindow.cpp.
     1>C:\Program Files (x86)\MSBuild\Microsoft.Cpp\v4.0\V120\Microsoft.CppBuild.targets(935,5): warning MSB8027: Two or more files with the name of moc_masterthread.cpp will produce outputs to the same location. This can lead to an incorrect build result.  The files involved are Debug\moc_masterthread.cpp, Release\moc_masterthread.cpp.
     1>C:\Program Files (x86)\MSBuild\Microsoft.Cpp\v4.0\V120\Microsoft.CppBuild.targets(935,5): warning MSB8027: Two or more files with the name of moc_writethread.cpp will produce outputs to the same location. This can lead to an incorrect build result.  The files involved are Debug\moc_writethread.cpp, Release\moc_writethread.cpp.
       ClCompile:
         G:\visual studio 2013\VC\bin\x86_amd64\CL.exe /c /I. /I..\..\qt\5.4\msvc2013_64\include /I..\..\qt\5.4\msvc2013_64\include\QtWidgets /I..\..\qt\5.4\msvc2013_64\include\QtGui /I..\..\qt\5.4\msvc2013_64\include\QtANGLE /I..\..\qt\5.4\msvc2013_64\include\QtSerialPort /I..\..\qt\5.4\msvc2013_64\include\QtCore /Idebug /I. /I"..\..\qt\5.4\msvc2013_64\mkspecs\win32-msvc2013" /I.\GeneratedFiles /Zi /nologo /W3 /WX- /Od /D _WINDOWS /D UNICODE /D WIN32 /D WIN64 /D QT_WIDGETS_LIB /D QT_GUI_LIB /D QT_SERIALPORT_LIB /D QT_CORE_LIB /Gm- /EHsc /MDd /GS /fp:precise /Zc:wchar_t /Zc:forScope /GR /Fo"x64\Debug\\" /Fd"x64\Debug\vc120.pdb" /Gd /TP /errorReport:prompt -Zm200 -w34100 -w34189 Debug\moc_mainwindow.cpp Debug\moc_masterthread.cpp Debug\moc_writethread.cpp main.cpp mainwindow.cpp masterthread.cpp writethread.cpp
         moc_mainwindow.cpp
     1>d:\qt\usb2.0uppermachine-master\ftd2xx.h : warning C4819: 该文件包含不能在当前代码页(936)中表示的字符。请将该文件保存为 Unicode 格式以防止数据丢失
         moc_masterthread.cpp
         moc_writethread.cpp
     1>d:\qt\usb2.0uppermachine-master\ftd2xx.h : warning C4819: 该文件包含不能在当前代码页(936)中表示的字符。请将该文件保存为 Unicode 格式以防止数据丢失
         main.cpp
     1>d:\qt\usb2.0uppermachine-master\ftd2xx.h : warning C4819: 该文件包含不能在当前代码页(936)中表示的字符。请将该文件保存为 Unicode 格式以防止数据丢失
         mainwindow.cpp
     1>d:\qt\usb2.0uppermachine-master\ftd2xx.h : warning C4819: 该文件包含不能在当前代码页(936)中表示的字符。请将该文件保存为 Unicode 格式以防止数据丢失
     1>mainwindow.cpp(119): warning C4018: “<”: 有符号/无符号不匹配
     1>mainwindow.cpp(181): warning C4018: “<”: 有符号/无符号不匹配
     1>mainwindow.cpp(208): warning C4018: “<”: 有符号/无符号不匹配
         masterthread.cpp
         writethread.cpp
     1>d:\qt\usb2.0uppermachine-master\ftd2xx.h : warning C4819: 该文件包含不能在当前代码页(936)中表示的字符。请将该文件保存为 Unicode 格式以防止数据丢失
         正在生成代码...
       Link:
         G:\visual studio 2013\VC\bin\x86_amd64\link.exe /ERRORREPORT:PROMPT /OUT:"debug\\trySSIupper.exe" /NOLOGO /LIBPATH:D:\Qt\5.4\msvc2013_64\lib /LIBPATH:D:\Qt\5.4\msvc2013_64\lib /LIBPATH:D:\Qt\5.4\msvc2013_64\lib D:\Qt\5.4\msvc2013_64\lib\qtmaind.lib shell32.lib D:\Qt\5.4\msvc2013_64\lib\Qt5Cored.lib D:\Qt\5.4\msvc2013_64\lib\Qt5Widgetsd.lib D:\Qt\5.4\msvc2013_64\lib\Qt5Guid.lib D:\Qt\5.4\msvc2013_64\lib\Qt5SerialPortd.lib D:\Qt\5.4\msvc2013_64\lib\Qt5Cored.lib kernel32.lib user32.lib gdi32.lib winspool.lib comdlg32.lib advapi32.lib shell32.lib ole32.lib oleaut32.lib uuid.lib odbc32.lib odbccp32.lib /MANIFEST /MANIFESTUAC:"level='asInvoker' uiAccess='false'" /manifest:embed /DEBUG /PDB:"debug\trySSIupper.pdb" /SUBSYSTEM:WINDOWS /TLBID:1 /DYNAMICBASE /NXCOMPAT /MACHINE:X64 "/MANIFESTDEPENDENCY:type='win32' name='Microsoft.Windows.Common-Controls' version='6.0.0.0' publicKeyToken='6595b64144ccf1df' language='*' processorArchitecture='*'" x64\Debug\moc_mainwindow.obj
         x64\Debug\moc_masterthread.obj
         x64\Debug\moc_writethread.obj
         x64\Debug\main.obj
         x64\Debug\mainwindow.obj
         x64\Debug\masterthread.obj
         x64\Debug\writethread.obj
         trySSIupper.vcxproj -> D:\Qt\USB2.0uppermachine-master\debug\trySSIupper.exe
     1>已完成生成项目“D:\Qt\USB2.0uppermachine-master\trySSIupper.vcxproj”(Build 个目标)的操作。

生成成功。

已用时间 00:00:31.07
